[2025-10-10T19:43:05.175Z] 400 - "company" is required
[2025-10-10T19:43:14.404Z] 400 - "company" is required
[2025-10-10T19:48:08.917Z] 400 - "employmentType" must be one of [Full-time, Part-time, Contract, Internship, Remote]
[2025-10-10T19:48:12.978Z] 400 - "employmentType" must be one of [Full-time, Part-time, Contract, Internship, Remote]
[2025-10-10T19:48:21.756Z] 400 - "employmentType" must be one of [Full-time, Part-time, Contract, Internship, Remote]
[2025-10-10T19:48:47.172Z] 400 - "employmentType" must be one of [Full-time, Part-time, Contract, Internship, Remote]
[2025-10-10T19:48:56.140Z] 400 - "employmentType" must be one of [Full-time, Part-time, Contract, Internship, Remote]
[2025-10-10T19:50:53.762Z] 400 - "contactEmail" is required
[2025-10-10T19:50:57.659Z] 400 - "contactEmail" is required
[2025-10-10T19:51:43.492Z] 400 - "industry" is not allowed
[2025-10-10T19:51:47.321Z] 400 - "industry" is not allowed
[2025-10-10T19:52:18.635Z] 400 - Job creation failed: jobs validation failed: postedBy: Path `postedBy` is required.
[2025-10-10T19:52:22.182Z] 400 - Job creation failed: jobs validation failed: postedBy: Path `postedBy` is required.
[2025-10-10T19:53:22.071Z] 401 - User is not authorized: jwt malformed
[2025-10-10T19:53:22.075Z] 401 - User is not authorized: jwt malformed
[2025-10-10T19:54:38.587Z] 401 - User is not authorized: jwt malformed
[2025-10-10T19:54:38.606Z] 401 - User is not authorized: jwt malformed
[2025-10-10T19:56:08.592Z] 401 - User is not authorized: jwt malformed
[2025-10-10T19:56:08.626Z] 401 - User is not authorized: jwt malformed
[2025-10-10T19:57:50.993Z] 401 - User is not authorized: jwt malformed
[2025-10-10T19:57:51.003Z] 401 - User is not authorized: jwt malformed
[2025-10-10T20:01:17.681Z] 401 - User is not authorized: jwt malformed
[2025-10-10T20:01:17.699Z] 401 - User is not authorized: jwt malformed
[2025-10-10T20:01:38.466Z] 401 - User is not authorized: jwt malformed
[2025-10-10T20:01:38.481Z] 401 - User is not authorized: jwt malformed
[2025-10-10T20:01:59.709Z] 401 - User is not authorized: jwt malformed
[2025-10-10T20:01:59.717Z] 401 - User is not authorized: jwt malformed
[2025-10-10T20:04:06.837Z] 401 - User is not authorized: jwt malformed
[2025-10-10T20:04:06.842Z] 401 - User is not authorized: jwt malformed
